Looking for git in: git
Using git 2.27.0 from git
Opening repository for path='/opt/lampp/htdocs/gdg/app' failed; ex=Failed to execute git {
  "exitCode": 128,
  "gitErrorCode": "NotAGitRepository",
  "gitCommand": "rev-parse",
  "stdout": "",
  "stderr": "fatal: not a git repository (or any of the parent directories): .git\n"
}
Opening repository for path='/opt/lampp/htdocs/gdg/app' failed; ex=Failed to execute git {
  "exitCode": 128,
  "gitErrorCode": "NotAGitRepository",
  "gitCommand": "rev-parse",
  "stdout": "",
  "stderr": "fatal: not a git repository (or any of the parent directories): .git\n"
}
Opening repository for path='/opt/lampp/htdocs/gdg/app/.editorconfig' failed; ex=Error: spawn ENOTDIR
Opening repository for path='/opt/lampp/htdocs/gdg/app/.env' failed; ex=Error: spawn ENOTDIR
Opening repository for path='/opt/lampp/htdocs/gdg/app/.env.example' failed; ex=Error: spawn ENOTDIR
Opening repository for path='/opt/lampp/htdocs/gdg/app/.gitattributes' failed; ex=Error: spawn ENOTDIR
Opening repository for path='/opt/lampp/htdocs/gdg/app/.gitignore' failed; ex=Error: spawn ENOTDIR
Opening repository for path='/opt/lampp/htdocs/gdg/app/.styleci.yml' failed; ex=Error: spawn ENOTDIR
Opening repository for path='/opt/lampp/htdocs/gdg/app/1.55.2-main.sock' failed; ex=Error: spawn ENOTDIR
Opening repository for path='/opt/lampp/htdocs/gdg/app/Backups' failed; ex=Failed to execute git {
  "exitCode": 128,
  "gitErrorCode": "NotAGitRepository",
  "gitCommand": "rev-parse",
  "stdout": "",
  "stderr": "fatal: not a git repository (or any of the parent directories): .git\n"
}
Opening repository for path='/opt/lampp/htdocs/gdg/app/Cache' failed; ex=Failed to execute git {
  "exitCode": 128,
  "gitErrorCode": "NotAGitRepository",
  "gitCommand": "rev-parse",
  "stdout": "",
  "stderr": "fatal: not a git repository (or any of the parent directories): .git\n"
}
Opening repository for path='/opt/lampp/htdocs/gdg/app/CachedData' failed; ex=Failed to execute git {
  "exitCode": 128,
  "gitErrorCode": "NotAGitRepository",
  "gitCommand": "rev-parse",
  "stdout": "",
  "stderr": "fatal: not a git repository (or any of the parent directories): .git\n"
}
Opening repository for path='/opt/lampp/htdocs/gdg/app/CachedExtensions' failed; ex=Failed to execute git {
  "exitCode": 128,
  "gitErrorCode": "NotAGitRepository",
  "gitCommand": "rev-parse",
  "stdout": "",
  "stderr": "fatal: not a git repository (or any of the parent directories): .git\n"
}
Opening repository for path='/opt/lampp/htdocs/gdg/app/Code Cache' failed; ex=Failed to execute git {
  "exitCode": 128,
  "gitErrorCode": "NotAGitRepository",
  "gitCommand": "rev-parse",
  "stdout": "",
  "stderr": "fatal: not a git repository (or any of the parent directories): .git\n"
}
Opening repository for path='/opt/lampp/htdocs/gdg/app/Cookies' failed; ex=Error: spawn ENOTDIR
Opening repository for path='/opt/lampp/htdocs/gdg/app/Cookies-journal' failed; ex=Error: spawn ENOTDIR
Opening repository for path='/opt/lampp/htdocs/gdg/app/Crash Reports' failed; ex=Failed to execute git {
  "exitCode": 128,
  "gitErrorCode": "NotAGitRepository",
  "gitCommand": "rev-parse",
  "stdout": "",
  "stderr": "fatal: not a git repository (or any of the parent directories): .git\n"
}
Opening repository for path='/opt/lampp/htdocs/gdg/app/Dictionaries' failed; ex=Failed to execute git {
  "exitCode": 128,
  "gitErrorCode": "NotAGitRepository",
  "gitCommand": "rev-parse",
  "stdout": "",
  "stderr": "fatal: not a git repository (or any of the parent directories): .git\n"
}
Opening repository for path='/opt/lampp/htdocs/gdg/app/GPUCache' failed; ex=Failed to execute git {
  "exitCode": 128,
  "gitErrorCode": "NotAGitRepository",
  "gitCommand": "rev-parse",
  "stdout": "",
  "stderr": "fatal: not a git repository (or any of the parent directories): .git\n"
}
Opening repository for path='/opt/lampp/htdocs/gdg/app/Local Storage' failed; ex=Failed to execute git {
  "exitCode": 128,
  "gitErrorCode": "NotAGitRepository",
  "gitCommand": "rev-parse",
  "stdout": "",
  "stderr": "fatal: not a git repository (or any of the parent directories): .git\n"
}
Opening repository for path='/opt/lampp/htdocs/gdg/app/Network Persistent State' failed; ex=Error: spawn ENOTDIR
Opening repository for path='/opt/lampp/htdocs/gdg/app/README.md' failed; ex=Error: spawn ENOTDIR
Opening repository for path='/opt/lampp/htdocs/gdg/app/TransportSecurity' failed; ex=Error: spawn ENOTDIR
Opening repository for path='/opt/lampp/htdocs/gdg/app/User' failed; ex=Failed to execute git {
  "exitCode": 128,
  "gitErrorCode": "NotAGitRepository",
  "gitCommand": "rev-parse",
  "stdout": "",
  "stderr": "fatal: not a git repository (or any of the parent directories): .git\n"
}
Opening repository for path='/opt/lampp/htdocs/gdg/app/app' failed; ex=Failed to execute git {
  "exitCode": 128,
  "gitErrorCode": "NotAGitRepository",
  "gitCommand": "rev-parse",
  "stdout": "",
  "stderr": "fatal: not a git repository (or any of the parent directories): .git\n"
}
Opening repository for path='/opt/lampp/htdocs/gdg/app/artisan' failed; ex=Error: spawn ENOTDIR
Opening repository for path='/opt/lampp/htdocs/gdg/app/blob_storage' failed; ex=Failed to execute git {
  "exitCode": 128,
  "gitErrorCode": "NotAGitRepository",
  "gitCommand": "rev-parse",
  "stdout": "",
  "stderr": "fatal: not a git repository (or any of the parent directories): .git\n"
}
Opening repository for path='/opt/lampp/htdocs/gdg/app/bootstrap' failed; ex=Failed to execute git {
  "exitCode": 128,
  "gitErrorCode": "NotAGitRepository",
  "gitCommand": "rev-parse",
  "stdout": "",
  "stderr": "fatal: not a git repository (or any of the parent directories): .git\n"
}
Opening repository for path='/opt/lampp/htdocs/gdg/app/composer.json' failed; ex=Error: spawn ENOTDIR
Opening repository for path='/opt/lampp/htdocs/gdg/app/composer.lock' failed; ex=Error: spawn ENOTDIR
Opening repository for path='/opt/lampp/htdocs/gdg/app/config' failed; ex=Failed to execute git {
  "exitCode": 128,
  "gitErrorCode": "NotAGitRepository",
  "gitCommand": "rev-parse",
  "stdout": "",
  "stderr": "fatal: not a git repository (or any of the parent directories): .git\n"
}
Opening repository for path='/opt/lampp/htdocs/gdg/app/database' failed; ex=Failed to execute git {
  "exitCode": 128,
  "gitErrorCode": "NotAGitRepository",
  "gitCommand": "rev-parse",
  "stdout": "",
  "stderr": "fatal: not a git repository (or any of the parent directories): .git\n"
}
Opening repository for path='/opt/lampp/htdocs/gdg/app/exthost Crash Reports' failed; ex=Failed to execute git {
  "exitCode": 128,
  "gitErrorCode": "NotAGitRepository",
  "gitCommand": "rev-parse",
  "stdout": "",
  "stderr": "fatal: not a git repository (or any of the parent directories): .git\n"
}
Opening repository for path='/opt/lampp/htdocs/gdg/app/languagepacks.json' failed; ex=Error: spawn ENOTDIR
Opening repository for path='/opt/lampp/htdocs/gdg/app/logs' failed; ex=Failed to execute git {
  "exitCode": 128,
  "gitErrorCode": "NotAGitRepository",
  "gitCommand": "rev-parse",
  "stdout": "",
  "stderr": "fatal: not a git repository (or any of the parent directories): .git\n"
}
Opening repository for path='/opt/lampp/htdocs/gdg/app/machineid' failed; ex=Error: spawn ENOTDIR
Opening repository for path='/opt/lampp/htdocs/gdg/app/package.json' failed; ex=Error: spawn ENOTDIR
Opening repository for path='/opt/lampp/htdocs/gdg/app/phpunit.xml' failed; ex=Error: spawn ENOTDIR
Opening repository for path='/opt/lampp/htdocs/gdg/app/public' failed; ex=Failed to execute git {
  "exitCode": 128,
  "gitErrorCode": "NotAGitRepository",
  "gitCommand": "rev-parse",
  "stdout": "",
  "stderr": "fatal: not a git repository (or any of the parent directories): .git\n"
}
Opening repository for path='/opt/lampp/htdocs/gdg/app/publicbackEnd' failed; ex=Failed to execute git {
  "exitCode": 128,
  "gitErrorCode": "NotAGitRepository",
  "gitCommand": "rev-parse",
  "stdout": "",
  "stderr": "fatal: not a git repository (or any of the parent directories): .git\n"
}
Opening repository for path='/opt/lampp/htdocs/gdg/app/rapid_render.json' failed; ex=Error: spawn ENOTDIR
Opening repository for path='/opt/lampp/htdocs/gdg/app/resources' failed; ex=Failed to execute git {
  "exitCode": 128,
  "gitErrorCode": "NotAGitRepository",
  "gitCommand": "rev-parse",
  "stdout": "",
  "stderr": "fatal: not a git repository (or any of the parent directories): .git\n"
}
Opening repository for path='/opt/lampp/htdocs/gdg/app/routes' failed; ex=Failed to execute git {
  "exitCode": 128,
  "gitErrorCode": "NotAGitRepository",
  "gitCommand": "rev-parse",
  "stdout": "",
  "stderr": "fatal: not a git repository (or any of the parent directories): .git\n"
}
Opening repository for path='/opt/lampp/htdocs/gdg/app/server.php' failed; ex=Error: spawn ENOTDIR
Opening repository for path='/opt/lampp/htdocs/gdg/app/storage' failed; ex=Failed to execute git {
  "exitCode": 128,
  "gitErrorCode": "NotAGitRepository",
  "gitCommand": "rev-parse",
  "stdout": "",
  "stderr": "fatal: not a git repository (or any of the parent directories): .git\n"
}
Opening repository for path='/opt/lampp/htdocs/gdg/app/storage.json' failed; ex=Error: spawn ENOTDIR
Opening repository for path='/opt/lampp/htdocs/gdg/app/tests' failed; ex=Failed to execute git {
  "exitCode": 128,
  "gitErrorCode": "NotAGitRepository",
  "gitCommand": "rev-parse",
  "stdout": "",
  "stderr": "fatal: not a git repository (or any of the parent directories): .git\n"
}
Opening repository for path='/opt/lampp/htdocs/gdg/app/vendor' failed; ex=Failed to execute git {
  "exitCode": 128,
  "gitErrorCode": "NotAGitRepository",
  "gitCommand": "rev-parse",
  "stdout": "",
  "stderr": "fatal: not a git repository (or any of the parent directories): .git\n"
}
Opening repository for path='/opt/lampp/htdocs/gdg/app/webpack.mix.js' failed; ex=Error: spawn ENOTDIR
Opening repository for path='/opt/lampp/htdocs/gdg/app/app/Http/Controllers' failed; ex=Failed to execute git {
  "exitCode": 128,
  "gitErrorCode": "NotAGitRepository",
  "gitCommand": "rev-parse",
  "stdout": "",
  "stderr": "fatal: not a git repository (or any of the parent directories): .git\n"
}
Opening repository for path='/opt/lampp/htdocs/gdg/app/routes' failed; ex=Failed to execute git {
  "exitCode": 128,
  "gitErrorCode": "NotAGitRepository",
  "gitCommand": "rev-parse",
  "stdout": "",
  "stderr": "fatal: not a git repository (or any of the parent directories): .git\n"
}
Opening repository for path='/opt/lampp/htdocs/gdg/app/app/Http/Controllers/backEnd' failed; ex=Failed to execute git {
  "exitCode": 128,
  "gitErrorCode": "NotAGitRepository",
  "gitCommand": "rev-parse",
  "stdout": "",
  "stderr": "fatal: not a git repository (or any of the parent directories): .git\n"
}
