Looking for git in: git
Using git 2.27.0 from git
Opening repository for path='/opt/lampp/htdocs/gdg/myApp' failed; ex=Failed to execute git {
  "exitCode": 128,
  "gitErrorCode": "NotAGitRepository",
  "gitCommand": "rev-parse",
  "stdout": "",
  "stderr": "fatal: not a git repository (or any of the parent directories): .git\n"
}
Opening repository for path='/opt/lampp/htdocs/gdg/myApp/.editorconfig' failed; ex=Error: spawn ENOTDIR
Opening repository for path='/opt/lampp/htdocs/gdg/myApp/.env' failed; ex=Error: spawn ENOTDIR
Opening repository for path='/opt/lampp/htdocs/gdg/myApp/.env.example' failed; ex=Error: spawn ENOTDIR
Opening repository for path='/opt/lampp/htdocs/gdg/myApp/.gitattributes' failed; ex=Error: spawn ENOTDIR
Opening repository for path='/opt/lampp/htdocs/gdg/myApp/.gitignore' failed; ex=Error: spawn ENOTDIR
Opening repository for path='/opt/lampp/htdocs/gdg/myApp/.styleci.yml' failed; ex=Error: spawn ENOTDIR
Opening repository for path='/opt/lampp/htdocs/gdg/myApp/app' failed; ex=Failed to execute git {
  "exitCode": 128,
  "gitErrorCode": "NotAGitRepository",
  "gitCommand": "rev-parse",
  "stdout": "",
  "stderr": "fatal: not a git repository (or any of the parent directories): .git\n"
}
Opening repository for path='/opt/lampp/htdocs/gdg/myApp/artisan' failed; ex=Error: spawn ENOTDIR
Opening repository for path='/opt/lampp/htdocs/gdg/myApp/bootstrap' failed; ex=Failed to execute git {
  "exitCode": 128,
  "gitErrorCode": "NotAGitRepository",
  "gitCommand": "rev-parse",
  "stdout": "",
  "stderr": "fatal: not a git repository (or any of the parent directories): .git\n"
}
Opening repository for path='/opt/lampp/htdocs/gdg/myApp/composer.json' failed; ex=Error: spawn ENOTDIR
Opening repository for path='/opt/lampp/htdocs/gdg/myApp/composer.lock' failed; ex=Error: spawn ENOTDIR
Opening repository for path='/opt/lampp/htdocs/gdg/myApp/config' failed; ex=Failed to execute git {
  "exitCode": 128,
  "gitErrorCode": "NotAGitRepository",
  "gitCommand": "rev-parse",
  "stdout": "",
  "stderr": "fatal: not a git repository (or any of the parent directories): .git\n"
}
Opening repository for path='/opt/lampp/htdocs/gdg/myApp/database' failed; ex=Failed to execute git {
  "exitCode": 128,
  "gitErrorCode": "NotAGitRepository",
  "gitCommand": "rev-parse",
  "stdout": "",
  "stderr": "fatal: not a git repository (or any of the parent directories): .git\n"
}
Opening repository for path='/opt/lampp/htdocs/gdg/myApp/package.json' failed; ex=Error: spawn ENOTDIR
Opening repository for path='/opt/lampp/htdocs/gdg/myApp/phpunit.xml' failed; ex=Error: spawn ENOTDIR
Opening repository for path='/opt/lampp/htdocs/gdg/myApp/public' failed; ex=Failed to execute git {
  "exitCode": 128,
  "gitErrorCode": "NotAGitRepository",
  "gitCommand": "rev-parse",
  "stdout": "",
  "stderr": "fatal: not a git repository (or any of the parent directories): .git\n"
}
Opening repository for path='/opt/lampp/htdocs/gdg/myApp/readme.md' failed; ex=Error: spawn ENOTDIR
Opening repository for path='/opt/lampp/htdocs/gdg/myApp/resources' failed; ex=Failed to execute git {
  "exitCode": 128,
  "gitErrorCode": "NotAGitRepository",
  "gitCommand": "rev-parse",
  "stdout": "",
  "stderr": "fatal: not a git repository (or any of the parent directories): .git\n"
}
Opening repository for path='/opt/lampp/htdocs/gdg/myApp/routes' failed; ex=Failed to execute git {
  "exitCode": 128,
  "gitErrorCode": "NotAGitRepository",
  "gitCommand": "rev-parse",
  "stdout": "",
  "stderr": "fatal: not a git repository (or any of the parent directories): .git\n"
}
Opening repository for path='/opt/lampp/htdocs/gdg/myApp/server.php' failed; ex=Error: spawn ENOTDIR
Opening repository for path='/opt/lampp/htdocs/gdg/myApp/storage' failed; ex=Failed to execute git {
  "exitCode": 128,
  "gitErrorCode": "NotAGitRepository",
  "gitCommand": "rev-parse",
  "stdout": "",
  "stderr": "fatal: not a git repository (or any of the parent directories): .git\n"
}
Opening repository for path='/opt/lampp/htdocs/gdg/myApp/tests' failed; ex=Failed to execute git {
  "exitCode": 128,
  "gitErrorCode": "NotAGitRepository",
  "gitCommand": "rev-parse",
  "stdout": "",
  "stderr": "fatal: not a git repository (or any of the parent directories): .git\n"
}
Opening repository for path='/opt/lampp/htdocs/gdg/myApp/vendor' failed; ex=Failed to execute git {
  "exitCode": 128,
  "gitErrorCode": "NotAGitRepository",
  "gitCommand": "rev-parse",
  "stdout": "",
  "stderr": "fatal: not a git repository (or any of the parent directories): .git\n"
}
Opening repository for path='/opt/lampp/htdocs/gdg/myApp/webpack.mix.js' failed; ex=Error: spawn ENOTDIR
Opening repository for path='/opt/lampp/htdocs/gdg/myApp' failed; ex=Failed to execute git {
  "exitCode": 128,
  "gitErrorCode": "NotAGitRepository",
  "gitCommand": "rev-parse",
  "stdout": "",
  "stderr": "fatal: not a git repository (or any of the parent directories): .git\n"
}
